    14     0     0
    14    21     0
    14    21    42
 
    14     0     0
    14    21     0
    35    21    42
 
    28     0     0
     7    21     0
     7     0    21
 
   126     0     0
     0     7     0
     0     7    14
 
   126     0     0
     0     7     0
     7     7    14
 
   252     0     0
     0     7     0
     0     0     7
 
   686     0     0
     2     3     0
     2     3     6
 
   686     0     0
     2     3     0
     5     3     6
 
  1372     0     0
     1     3     0
     1     0     3
 
  6174     0     0
     0     1     0
     0     1     2
 
  6174     0     0
     0     1     0
     1     1     2
 
 12348     0     0
     0     1     0
     0     0     1
 
